#
# A fatal error has been detected by the Java Runtime Environment:
#
#  Internal Error (javaClasses.cpp:136), pid=2580, tid=3372
#  fatal error: Invalid layout of preloaded class
#
# JRE version:  (7.0_40-b43) (build )
# Java VM: Java HotSpot(TM) 64-Bit Server VM (24.0-b56 mixed mode windows-amd64 compressed oops)
# Failed to write core dump. Minidumps are not enabled by default on client versions of Windows
#
# If you would like to submit a bug report, please visit:
#   http://bugreport.sun.com/bugreport/crash.jsp
#

---------------  T H R E A D  ---------------

Current thread (0x0000000002170800):  JavaThread "Unknown thread" [_thread_in_vm, id=3372, stack(0x0000000002070000,0x0000000002170000)]

Stack: [0x0000000002070000,0x0000000002170000]

---------------  P R O C E S S  ---------------

Java Threads: ( => current thread )

Other Threads:

=>0x0000000002170800 (exited) JavaThread "Unknown thread" [_thread_in_vm, id=3372, stack(0x0000000002070000,0x0000000002170000)]

VM state:not at safepoint (not fully initialized)

VM Mutex/Monitor currently owned by a thread: None

GC Heap History (0 events):
No events

Deoptimization events (0 events):
No events

Internal exceptions (0 events):
No events

Events (10 events):
Event: 0.009 loading class 0x00000000021b4740 done
Event: 0.009 loading class 0x00000000021b4160 done
Event: 0.009 loading class 0x00000000021b4140
Event: 0.009 loading class 0x00000000021bc240
Event: 0.009 loading class 0x00000000021bc240 done
Event: 0.009 loading class 0x00000000021bc270
Event: 0.009 loading class 0x00000000021bc270 done
Event: 0.009 loading class 0x00000000021bc2a0
Event: 0.009 loading class 0x00000000021bc2a0 done
Event: 0.009 loading class 0x00000000021b4140 done


Dynamic libraries:
0x00007ff6d6d80000 - 0x00007ff6d6db3000 	C:\Program Files\Java\jre7\bin\javaw.exe
0x00007ff9a42a0000 - 0x00007ff9a4449000 	C:\Windows\SYSTEM32\ntdll.dll
0x00007ff9a1dd0000 - 0x00007ff9a1f09000 	C:\Windows\system32\KERNEL32.DLL
0x00007ff9a1840000 - 0x00007ff9a194f000 	C:\Windows\system32\KERNELBASE.dll
0x00007ff99ff70000 - 0x00007ff99fffb000 	C:\Windows\system32\apphelp.dll
0x00007ff98a760000 - 0x00007ff98a7af000 	C:\Windows\AppPatch\AppPatch64\AcGenral.DLL
0x00007ff9a2910000 - 0x00007ff9a29b7000 	C:\Windows\system32\msvcrt.dll
0x00007ff9a13d0000 - 0x00007ff9a13fb000 	C:\Windows\SYSTEM32\SspiCli.dll
0x00007ff9a1cc0000 - 0x00007ff9a1d11000 	C:\Windows\system32\SHLWAPI.dll
0x00007ff9a3f30000 - 0x00007ff9a40a1000 	C:\Windows\system32\USER32.dll
0x00007ff9a21a0000 - 0x00007ff9a2316000 	C:\Windows\system32\ole32.dll
0x00007ff9a2b20000 - 0x00007ff9a3f30000 	C:\Windows\system32\SHELL32.dll
0x00007ff9a0bd0000 - 0x00007ff9a0bef000 	C:\Windows\SYSTEM32\USERENV.dll
0x00007ff9a1d20000 - 0x00007ff9a1dc5000 	C:\Windows\system32\ADVAPI32.dll
0x00007ff993f10000 - 0x00007ff993f2b000 	C:\Windows\SYSTEM32\MPR.dll
0x00007ff9a27b0000 - 0x00007ff9a28e6000 	C:\Windows\system32\RPCRT4.dll
0x00007ff9a1c60000 - 0x00007ff9a1cb7000 	C:\Windows\SYSTEM32\sechost.dll
0x00007ff9a40b0000 - 0x00007ff9a4287000 	C:\Windows\SYSTEM32\combase.dll
0x00007ff9a29c0000 - 0x00007ff9a2b05000 	C:\Windows\system32\GDI32.dll
0x00007ff9a1620000 - 0x00007ff9a1634000 	C:\Windows\SYSTEM32\profapi.dll
0x00007ff99fec0000 - 0x00007ff99ff61000 	C:\Windows\SYSTEM32\SHCORE.dll
0x00007ff9a2320000 - 0x00007ff9a2354000 	C:\Windows\system32\IMM32.DLL
0x00007ff9a2610000 - 0x00007ff9a2748000 	C:\Windows\system32\MSCTF.dll
0x00007ff9a15e0000 - 0x00007ff9a160f000 	C:\Windows\system32\nvinitx.dll
0x000000000f000000 - 0x000000000f006000 	C:\Program Files\NVIDIA Corporation\CoProcManager\detoured.dll
0x00007ff99f5c0000 - 0x00007ff99f61f000 	C:\Program Files\NVIDIA Corporation\CoProcManager\nvd3d9wrapx.dll
0x00007ff9a1fc0000 - 0x00007ff9a2196000 	C:\Windows\system32\SETUPAPI.dll
0x00007ff9a16f0000 - 0x00007ff9a173a000 	C:\Windows\system32\CFGMGR32.dll
0x00007ff99f1a0000 - 0x00007ff99f1e6000 	C:\Program Files\NVIDIA Corporation\CoProcManager\nvdxgiwrapx.dll
0x00007ff99f7e0000 - 0x00007ff99fa3a000 	C:\Windows\WinSxS\amd64_microsoft.windows.common-controls_6595b64144ccf1df_6.0.9600.16384_none_62475f7becb72503\COMCTL32.dll
0x0000000056fe0000 - 0x00000000570b1000 	C:\Program Files\Java\jre7\bin\msvcr100.dll
0x0000000056810000 - 0x0000000056fd9000 	C:\Program Files\Java\jre7\bin\server\jvm.dll
0x00007ff98a700000 - 0x00007ff98a709000 	C:\Windows\SYSTEM32\WSOCK32.dll
0x00007ff99eda0000 - 0x00007ff99edbf000 	C:\Windows\SYSTEM32\WINMM.dll
0x00007ff9a2b10000 - 0x00007ff9a2b17000 	C:\Windows\system32\PSAPI.DLL
0x00007ff9a2750000 - 0x00007ff9a27a8000 	C:\Windows\system32\WS2_32.dll
0x00007ff99ed40000 - 0x00007ff99ed6a000 	C:\Windows\SYSTEM32\WINMMBASE.dll
0x00007ff9a2400000 - 0x00007ff9a2409000 	C:\Windows\system32\NSI.dll
0x00007ff9a04a0000 - 0x00007ff9a04c6000 	C:\Windows\SYSTEM32\DEVOBJ.dll
0x0000000056800000 - 0x000000005680f000 	C:\Program Files\Java\jre7\bin\verify.dll
0x00000000567d0000 - 0x00000000567f8000 	C:\Program Files\Java\jre7\bin\java.dll
0x00000000567b0000 - 0x00000000567c5000 	C:\Program Files\Java\jre7\bin\zip.dll

VM Arguments:
jvm_args: -Dfile.encoding=Cp1252 -Xbootclasspath:D:\sdk\platforms\android-17\android.jar 
java_command: hirondelle.date4j.Examples
Launcher Type: SUN_STANDARD

Environment Variables:
PATH=C:\Program Files (x86)\NVIDIA Corporation\PhysX\Common;C:\Windows\system32;C:\Windows;C:\Windows\System32\Wbem;C:\Windows\System32\WindowsPowerShell\v1.0\;C:\Program Files\Java\jdk1.7.0_40\bin;C:\Program Files\Java\jre7\bin;C:\xampp\mysql\bin;C:\Program Files (x86)\Windows Kits\8.1\Windows Performance Toolkit\;C:\Program Files\Microsoft SQL Server\110\Tools\Binn\
USERNAME=dhanesh
OS=Windows_NT
PROCESSOR_IDENTIFIER=Intel64 Family 6 Model 42 Stepping 7, GenuineIntel



---------------  S Y S T E M  ---------------

OS: Windows 8 , 64 bit Build 9200 

CPU:total 4 (2 cores per cpu, 2 threads per core) family 6 model 42 stepping 7, cmov, cx8, fxsr, mmx, sse, sse2, sse3, ssse3, sse4.1, sse4.2, popcnt, avx, aes, ht, tsc, tscinvbit

Memory: 4k page, physical 6183080k(2900184k free), swap 7166120k(3309624k free)

vm_info: Java HotSpot(TM) 64-Bit Server VM (24.0-b56) for windows-amd64 JRE (1.7.0_40-b43), built on Aug 26 2013 22:38:32 by "java_re" with unknown MS VC++:1600

time: Sat Mar 29 14:38:41 2014
elapsed time: 0 seconds

