#
# A fatal error has been detected by the Java Runtime Environment:
#
#  Internal Error (javaClasses.cpp:136), pid=3556, tid=7884
#  fatal error: Invalid layout of preloaded class
#
# JRE version:  (7.0_40-b43) (build )
# Java VM: Java HotSpot(TM) 64-Bit Server VM (24.0-b56 mixed mode windows-amd64 compressed oops)
# Failed to write core dump. Minidumps are not enabled by default on client versions of Windows
#
# If you would like to submit a bug report, please visit:
#   http://bugreport.sun.com/bugreport/crash.jsp
#

---------------  T H R E A D  ---------------

Current thread (0x0000000002bb0800):  JavaThread "Unknown thread" [_thread_in_vm, id=7884, stack(0x0000000002ab0000,0x0000000002bb0000)]

Stack: [0x0000000002ab0000,0x0000000002bb0000]

---------------  P R O C E S S  ---------------

Java Threads: ( => current thread )

Other Threads:

=>0x0000000002bb0800 (exited) JavaThread "Unknown thread" [_thread_in_vm, id=7884, stack(0x0000000002ab0000,0x0000000002bb0000)]

VM state:not at safepoint (not fully initialized)

VM Mutex/Monitor currently owned by a thread: None

GC Heap History (0 events):
No events

Deoptimization events (0 events):
No events

Internal exceptions (0 events):
No events

Events (10 events):
Event: 0.011 loading class 0x0000000002bf4730 done
Event: 0.012 loading class 0x0000000002bf4150 done
Event: 0.012 loading class 0x0000000002bf4130
Event: 0.012 loading class 0x0000000002bfc230
Event: 0.012 loading class 0x0000000002bfc230 done
Event: 0.012 loading class 0x0000000002bfc260
Event: 0.012 loading class 0x0000000002bfc260 done
Event: 0.012 loading class 0x0000000002bfc290
Event: 0.012 loading class 0x0000000002bfc290 done
Event: 0.012 loading class 0x0000000002bf4130 done


Dynamic libraries:
0x00007ff6c6cf0000 - 0x00007ff6c6d23000 	C:\Program Files\Java\jre7\bin\javaw.exe
0x00007ffdaf1a0000 - 0x00007ffdaf349000 	C:\Windows\SYSTEM32\ntdll.dll
0x00007ffdaeb30000 - 0x00007ffdaec69000 	C:\Windows\system32\KERNEL32.DLL
0x00007ffdac870000 - 0x00007ffdac97f000 	C:\Windows\system32\KERNELBASE.dll
0x00007ffdab120000 - 0x00007ffdab1ab000 	C:\Windows\system32\apphelp.dll
0x00007ffd9d950000 - 0x00007ffd9d99f000 	C:\Windows\AppPatch\AppPatch64\AcGenral.DLL
0x00007ffdacaf0000 - 0x00007ffdacb97000 	C:\Windows\system32\msvcrt.dll
0x00007ffdac2d0000 - 0x00007ffdac2fb000 	C:\Windows\SYSTEM32\SspiCli.dll
0x00007ffdaead0000 - 0x00007ffdaeb21000 	C:\Windows\system32\SHLWAPI.dll
0x00007ffdad020000 - 0x00007ffdad191000 	C:\Windows\system32\USER32.dll
0x00007ffdae950000 - 0x00007ffdaeac6000 	C:\Windows\system32\ole32.dll
0x00007ffdad1a0000 - 0x00007ffdae5b0000 	C:\Windows\system32\SHELL32.dll
0x00007ffdabb00000 - 0x00007ffdabb1f000 	C:\Windows\SYSTEM32\USERENV.dll
0x00007ffdaf0f0000 - 0x00007ffdaf195000 	C:\Windows\system32\ADVAPI32.dll
0x00007ffda3020000 - 0x00007ffda303b000 	C:\Windows\SYSTEM32\MPR.dll
0x00007ffdacba0000 - 0x00007ffdaccd6000 	C:\Windows\system32\RPCRT4.dll
0x00007ffdacf30000 - 0x00007ffdacf87000 	C:\Windows\SYSTEM32\sechost.dll
0x00007ffdaec70000 - 0x00007ffdaee47000 	C:\Windows\SYSTEM32\combase.dll
0x00007ffdaee50000 - 0x00007ffdaef95000 	C:\Windows\system32\GDI32.dll
0x00007ffdac520000 - 0x00007ffdac534000 	C:\Windows\SYSTEM32\profapi.dll
0x00007ffdaab20000 - 0x00007ffdaabc1000 	C:\Windows\SYSTEM32\SHCORE.dll
0x00007ffdacda0000 - 0x00007ffdacdd4000 	C:\Windows\system32\IMM32.DLL
0x00007ffdacde0000 - 0x00007ffdacf18000 	C:\Windows\system32\MSCTF.dll
0x00007ffdac4e0000 - 0x00007ffdac50f000 	C:\Windows\system32\nvinitx.dll
0x000000000f000000 - 0x000000000f006000 	C:\Program Files\NVIDIA Corporation\CoProcManager\detoured.dll
0x00007ffdaa4a0000 - 0x00007ffdaa4ff000 	C:\Program Files\NVIDIA Corporation\CoProcManager\nvd3d9wrapx.dll
0x00007ffdae5b0000 - 0x00007ffdae786000 	C:\Windows\system32\SETUPAPI.dll
0x00007ffdac820000 - 0x00007ffdac86a000 	C:\Windows\system32\CFGMGR32.dll
0x00007ffdaa530000 - 0x00007ffdaa576000 	C:\Program Files\NVIDIA Corporation\CoProcManager\nvdxgiwrapx.dll
0x00007ffdaa6e0000 - 0x00007ffdaa93a000 	C:\Windows\WinSxS\amd64_microsoft.windows.common-controls_6595b64144ccf1df_6.0.9600.16384_none_62475f7becb72503\COMCTL32.dll
0x000000006b990000 - 0x000000006ba61000 	C:\Program Files\Java\jre7\bin\msvcr100.dll
0x000000006b1c0000 - 0x000000006b989000 	C:\Program Files\Java\jre7\bin\server\jvm.dll
0x00007ffda9fa0000 - 0x00007ffda9fa9000 	C:\Windows\SYSTEM32\WSOCK32.dll
0x00007ffda8640000 - 0x00007ffda865f000 	C:\Windows\SYSTEM32\WINMM.dll
0x00007ffdae930000 - 0x00007ffdae937000 	C:\Windows\system32\PSAPI.DLL
0x00007ffdaca90000 - 0x00007ffdacae8000 	C:\Windows\system32\WS2_32.dll
0x00007ffda8600000 - 0x00007ffda862a000 	C:\Windows\SYSTEM32\WINMMBASE.dll
0x00007ffdacf90000 - 0x00007ffdacf99000 	C:\Windows\system32\NSI.dll
0x00007ffdab3a0000 - 0x00007ffdab3c6000 	C:\Windows\SYSTEM32\DEVOBJ.dll
0x000000006b1b0000 - 0x000000006b1bf000 	C:\Program Files\Java\jre7\bin\verify.dll
0x000000006b180000 - 0x000000006b1a8000 	C:\Program Files\Java\jre7\bin\java.dll
0x000000006b160000 - 0x000000006b175000 	C:\Program Files\Java\jre7\bin\zip.dll

VM Arguments:
jvm_args: -Dfile.encoding=Cp1252 -Xbootclasspath:D:\sdk\platforms\android-17\android.jar 
java_command: hirondelle.date4j.Examples
Launcher Type: SUN_STANDARD

Environment Variables:
PATH=C:\Program Files (x86)\NVIDIA Corporation\PhysX\Common;C:\Windows\system32;C:\Windows;C:\Windows\System32\Wbem;C:\Windows\System32\WindowsPowerShell\v1.0\;C:\Program Files\Java\jdk1.7.0_40\bin;C:\Program Files\Java\jre7\bin;C:\xampp\mysql\bin;C:\Program Files (x86)\Windows Kits\8.1\Windows Performance Toolkit\;C:\Program Files\Microsoft SQL Server\110\Tools\Binn\
USERNAME=dhanesh
OS=Windows_NT
PROCESSOR_IDENTIFIER=Intel64 Family 6 Model 42 Stepping 7, GenuineIntel



---------------  S Y S T E M  ---------------

OS: Windows 8 , 64 bit Build 9200 

CPU:total 4 (2 cores per cpu, 2 threads per core) family 6 model 42 stepping 7, cmov, cx8, fxsr, mmx, sse, sse2, sse3, ssse3, sse4.1, sse4.2, popcnt, avx, aes, ht, tsc, tscinvbit

Memory: 4k page, physical 6183080k(2885472k free), swap 7166120k(3323892k free)

vm_info: Java HotSpot(TM) 64-Bit Server VM (24.0-b56) for windows-amd64 JRE (1.7.0_40-b43), built on Aug 26 2013 22:38:32 by "java_re" with unknown MS VC++:1600

time: Tue Mar 25 05:33:24 2014
elapsed time: 0 seconds

