#
# A fatal error has been detected by the Java Runtime Environment:
#
#  Internal Error (javaClasses.cpp:136), pid=9212, tid=8704
#  fatal error: Invalid layout of preloaded class
#
# JRE version:  (7.0_40-b43) (build )
# Java VM: Java HotSpot(TM) 64-Bit Server VM (24.0-b56 mixed mode windows-amd64 compressed oops)
# Failed to write core dump. Minidumps are not enabled by default on client versions of Windows
#
# If you would like to submit a bug report, please visit:
#   http://bugreport.sun.com/bugreport/crash.jsp
#

---------------  T H R E A D  ---------------

Current thread (0x0000000002470800):  JavaThread "Unknown thread" [_thread_in_vm, id=8704, stack(0x0000000002350000,0x0000000002450000)]

Stack: [0x0000000002350000,0x0000000002450000]

---------------  P R O C E S S  ---------------

Java Threads: ( => current thread )

Other Threads:

=>0x0000000002470800 (exited) JavaThread "Unknown thread" [_thread_in_vm, id=8704, stack(0x0000000002350000,0x0000000002450000)]

VM state:not at safepoint (not fully initialized)

VM Mutex/Monitor currently owned by a thread: None

GC Heap History (0 events):
No events

Deoptimization events (0 events):
No events

Internal exceptions (0 events):
No events

Events (10 events):
Event: 0.010 loading class 0x00000000024b6750 done
Event: 0.010 loading class 0x00000000024b6170 done
Event: 0.010 loading class 0x00000000024b6150
Event: 0.010 loading class 0x00000000024be250
Event: 0.010 loading class 0x00000000024be250 done
Event: 0.010 loading class 0x00000000024be280
Event: 0.010 loading class 0x00000000024be280 done
Event: 0.010 loading class 0x00000000024be2b0
Event: 0.010 loading class 0x00000000024be2b0 done
Event: 0.010 loading class 0x00000000024b6150 done


Dynamic libraries:
0x00007ff638ba0000 - 0x00007ff638bd3000 	C:\Program Files\Java\jre7\bin\javaw.exe
0x00007ffe78660000 - 0x00007ffe78809000 	C:\Windows\SYSTEM32\ntdll.dll
0x00007ffe77a00000 - 0x00007ffe77b39000 	C:\Windows\system32\KERNEL32.DLL
0x00007ffe75c90000 - 0x00007ffe75d9f000 	C:\Windows\system32\KERNELBASE.dll
0x00007ffe745e0000 - 0x00007ffe7466b000 	C:\Windows\system32\apphelp.dll
0x00007ffe6c670000 - 0x00007ffe6c6bf000 	C:\Windows\AppPatch\AppPatch64\AcGenral.DLL
0x00007ffe783a0000 - 0x00007ffe78447000 	C:\Windows\system32\msvcrt.dll
0x00007ffe75790000 - 0x00007ffe757bb000 	C:\Windows\SYSTEM32\SspiCli.dll
0x00007ffe77ef0000 - 0x00007ffe77f41000 	C:\Windows\system32\SHLWAPI.dll
0x00007ffe77bf0000 - 0x00007ffe77d61000 	C:\Windows\system32\USER32.dll
0x00007ffe77d70000 - 0x00007ffe77ee6000 	C:\Windows\system32\ole32.dll
0x00007ffe763c0000 - 0x00007ffe777d0000 	C:\Windows\system32\SHELL32.dll
0x00007ffe74fc0000 - 0x00007ffe74fdf000 	C:\Windows\SYSTEM32\USERENV.dll
0x00007ffe77f60000 - 0x00007ffe78005000 	C:\Windows\system32\ADVAPI32.dll
0x00007ffe711d0000 - 0x00007ffe711eb000 	C:\Windows\SYSTEM32\MPR.dll
0x00007ffe777d0000 - 0x00007ffe77906000 	C:\Windows\system32\RPCRT4.dll
0x00007ffe76080000 - 0x00007ffe760d7000 	C:\Windows\SYSTEM32\sechost.dll
0x00007ffe78450000 - 0x00007ffe78627000 	C:\Windows\SYSTEM32\combase.dll
0x00007ffe781f0000 - 0x00007ffe78335000 	C:\Windows\system32\GDI32.dll
0x00007ffe759e0000 - 0x00007ffe759f4000 	C:\Windows\SYSTEM32\profapi.dll
0x00007ffe73fe0000 - 0x00007ffe74081000 	C:\Windows\SYSTEM32\SHCORE.dll
0x00007ffe77910000 - 0x00007ffe77944000 	C:\Windows\system32\IMM32.DLL
0x00007ffe760e0000 - 0x00007ffe76218000 	C:\Windows\system32\MSCTF.dll
0x00007ffe759a0000 - 0x00007ffe759cf000 	C:\Windows\system32\nvinitx.dll
0x000000000f000000 - 0x000000000f006000 	C:\Program Files\NVIDIA Corporation\CoProcManager\detoured.dll
0x00007ffe73da0000 - 0x00007ffe73dff000 	C:\Program Files\NVIDIA Corporation\CoProcManager\nvd3d9wrapx.dll
0x00007ffe78010000 - 0x00007ffe781e6000 	C:\Windows\system32\SETUPAPI.dll
0x00007ffe75da0000 - 0x00007ffe75dea000 	C:\Windows\system32\CFGMGR32.dll
0x00007ffe73d50000 - 0x00007ffe73d96000 	C:\Program Files\NVIDIA Corporation\CoProcManager\nvdxgiwrapx.dll
0x00007ffe73950000 - 0x00007ffe73baa000 	C:\Windows\WinSxS\amd64_microsoft.windows.common-controls_6595b64144ccf1df_6.0.9600.16384_none_62475f7becb72503\COMCTL32.dll
0x0000000059c80000 - 0x0000000059d51000 	C:\Program Files\Java\jre7\bin\msvcr100.dll
0x00000000594b0000 - 0x0000000059c79000 	C:\Program Files\Java\jre7\bin\server\jvm.dll
0x00007ffe71350000 - 0x00007ffe71359000 	C:\Windows\SYSTEM32\WSOCK32.dll
0x00007ffe70860000 - 0x00007ffe7087f000 	C:\Windows\SYSTEM32\WINMM.dll
0x00007ffe75fb0000 - 0x00007ffe75fb7000 	C:\Windows\system32\PSAPI.DLL
0x00007ffe75ef0000 - 0x00007ffe75f48000 	C:\Windows\system32\WS2_32.dll
0x00007ffe6eac0000 - 0x00007ffe6eaea000 	C:\Windows\SYSTEM32\WINMMBASE.dll
0x00007ffe78630000 - 0x00007ffe78639000 	C:\Windows\system32\NSI.dll
0x00007ffe74830000 - 0x00007ffe74856000 	C:\Windows\SYSTEM32\DEVOBJ.dll
0x00000000594a0000 - 0x00000000594af000 	C:\Program Files\Java\jre7\bin\verify.dll
0x0000000059470000 - 0x0000000059498000 	C:\Program Files\Java\jre7\bin\java.dll
0x0000000059450000 - 0x0000000059465000 	C:\Program Files\Java\jre7\bin\zip.dll

VM Arguments:
jvm_args: -Dfile.encoding=Cp1252 -Xbootclasspath:D:\sdk\platforms\android-17\android.jar 
java_command: hirondelle.date4j.Examples
Launcher Type: SUN_STANDARD

Environment Variables:
PATH=C:\Program Files (x86)\NVIDIA Corporation\PhysX\Common;C:\Windows\system32;C:\Windows;C:\Windows\System32\Wbem;C:\Windows\System32\WindowsPowerShell\v1.0\;C:\Program Files\Java\jdk1.7.0_40\bin;C:\Program Files\Java\jre7\bin;C:\xampp\mysql\bin;C:\Program Files (x86)\Windows Kits\8.1\Windows Performance Toolkit\;C:\Program Files\Microsoft SQL Server\110\Tools\Binn\
USERNAME=dhanesh
OS=Windows_NT
PROCESSOR_IDENTIFIER=Intel64 Family 6 Model 42 Stepping 7, GenuineIntel



---------------  S Y S T E M  ---------------

OS: Windows 8 , 64 bit Build 9200 

CPU:total 4 (2 cores per cpu, 2 threads per core) family 6 model 42 stepping 7, cmov, cx8, fxsr, mmx, sse, sse2, sse3, ssse3, sse4.1, sse4.2, popcnt, avx, aes, ht, tsc, tscinvbit

Memory: 4k page, physical 6183080k(2594464k free), swap 7166120k(2023892k free)

vm_info: Java HotSpot(TM) 64-Bit Server VM (24.0-b56) for windows-amd64 JRE (1.7.0_40-b43), built on Aug 26 2013 22:38:32 by "java_re" with unknown MS VC++:1600

time: Wed Mar 19 16:15:21 2014
elapsed time: 0 seconds

